-------------------------------------------------------------------------------
Test set: com.bronx.daoTest.TicketRepositoryTest
-------------------------------------------------------------------------------
Tests run: 5, Failures: 0, Errors: 5, Skipped: 0, Time elapsed: 5.308 s <<< FAILURE! - in com.bronx.daoTest.TicketRepositoryTest
com.bronx.daoTest.TicketRepositoryTest.findAll  Time elapsed: 1.77 s  <<< ERROR!
java.lang.StackOverflowError

com.bronx.daoTest.TicketRepositoryTest.deleteTicket  Time elapsed: 0.017 s  <<< ERROR!
java.lang.reflect.UndeclaredThrowableException
	at com.bronx.daoTest.TicketRepositoryTest.deleteTicket(TicketRepositoryTest.java:87)
Caused by: java.lang.reflect.InvocationTargetException
	at com.bronx.daoTest.TicketRepositoryTest.deleteTicket(TicketRepositoryTest.java:87)
Caused by: java.lang.IllegalStateException: Transaction already active
	at com.bronx.daoTest.TicketRepositoryTest.deleteTicket(TicketRepositoryTest.java:87)

com.bronx.daoTest.TicketRepositoryTest.checkUpdateUsername  Time elapsed: 0.005 s  <<< ERROR!
java.lang.reflect.UndeclaredThrowableException
	at com.bronx.daoTest.TicketRepositoryTest.checkUpdateUsername(TicketRepositoryTest.java:97)
Caused by: java.lang.reflect.InvocationTargetException
	at com.bronx.daoTest.TicketRepositoryTest.checkUpdateUsername(TicketRepositoryTest.java:97)
Caused by: java.lang.IllegalStateException: Transaction already active
	at com.bronx.daoTest.TicketRepositoryTest.checkUpdateUsername(TicketRepositoryTest.java:97)

com.bronx.daoTest.TicketRepositoryTest.findTicketById  Time elapsed: 0.019 s  <<< ERROR!
java.lang.reflect.UndeclaredThrowableException
	at com.bronx.daoTest.TicketRepositoryTest.findTicketById(TicketRepositoryTest.java:60)
Caused by: java.lang.reflect.InvocationTargetException
	at com.bronx.daoTest.TicketRepositoryTest.findTicketById(TicketRepositoryTest.java:60)
Caused by: java.lang.IllegalStateException: Transaction already active
	at com.bronx.daoTest.TicketRepositoryTest.findTicketById(TicketRepositoryTest.java:60)

com.bronx.daoTest.TicketRepositoryTest.saveTicketAndReturnWithId  Time elapsed: 0.012 s  <<< ERROR!
java.lang.reflect.UndeclaredThrowableException
	at com.bronx.daoTest.TicketRepositoryTest.saveTicketAndReturnWithId(TicketRepositoryTest.java:71)
Caused by: java.lang.reflect.InvocationTargetException
	at com.bronx.daoTest.TicketRepositoryTest.saveTicketAndReturnWithId(TicketRepositoryTest.java:71)
Caused by: java.lang.IllegalStateException: Transaction already active
	at com.bronx.daoTest.TicketRepositoryTest.saveTicketAndReturnWithId(TicketRepositoryTest.java:71)

