-------------------------------------------------------------------------------
Test set: com.bronx.daoTest.UserRepositoryTest
-------------------------------------------------------------------------------
Tests run: 5, Failures: 1, Errors: 4, Skipped: 0, Time elapsed: 8.678 s <<< FAILURE! - in com.bronx.daoTest.UserRepositoryTest
com.bronx.daoTest.UserRepositoryTest.saveUserAndReturnWithId  Time elapsed: 0.035 s  <<< FAILURE!
org.opentest4j.AssertionFailedError: 

expected: 4L
 but was: 19L
	at com.bronx.daoTest.UserRepositoryTest.saveUserAndReturnWithId(UserRepositoryTest.java:77)

com.bronx.daoTest.UserRepositoryTest.findAll  Time elapsed: 0.018 s  <<< ERROR!
java.lang.reflect.UndeclaredThrowableException
	at com.bronx.daoTest.UserRepositoryTest.findAll(UserRepositoryTest.java:47)
Caused by: java.lang.reflect.InvocationTargetException
	at com.bronx.daoTest.UserRepositoryTest.findAll(UserRepositoryTest.java:47)
Caused by: java.lang.IllegalStateException: Transaction already active
	at com.bronx.daoTest.UserRepositoryTest.findAll(UserRepositoryTest.java:47)

com.bronx.daoTest.UserRepositoryTest.checkUpdateUsername  Time elapsed: 0.004 s  <<< ERROR!
java.lang.reflect.UndeclaredThrowableException
	at com.bronx.daoTest.UserRepositoryTest.checkUpdateUsername(UserRepositoryTest.java:94)
Caused by: java.lang.reflect.InvocationTargetException
	at com.bronx.daoTest.UserRepositoryTest.checkUpdateUsername(UserRepositoryTest.java:94)
Caused by: java.lang.IllegalStateException: Transaction already active
	at com.bronx.daoTest.UserRepositoryTest.checkUpdateUsername(UserRepositoryTest.java:94)

com.bronx.daoTest.UserRepositoryTest.findUserById  Time elapsed: 0.004 s  <<< ERROR!
java.lang.reflect.UndeclaredThrowableException
	at com.bronx.daoTest.UserRepositoryTest.findUserById(UserRepositoryTest.java:61)
Caused by: java.lang.reflect.InvocationTargetException
	at com.bronx.daoTest.UserRepositoryTest.findUserById(UserRepositoryTest.java:61)
Caused by: java.lang.IllegalStateException: Transaction already active
	at com.bronx.daoTest.UserRepositoryTest.findUserById(UserRepositoryTest.java:61)

com.bronx.daoTest.UserRepositoryTest.deleteUser  Time elapsed: 0.005 s  <<< ERROR!
java.lang.reflect.UndeclaredThrowableException
	at com.bronx.daoTest.UserRepositoryTest.deleteUser(UserRepositoryTest.java:84)
Caused by: java.lang.reflect.InvocationTargetException
	at com.bronx.daoTest.UserRepositoryTest.deleteUser(UserRepositoryTest.java:84)
Caused by: java.lang.IllegalStateException: Transaction already active
	at com.bronx.daoTest.UserRepositoryTest.deleteUser(UserRepositoryTest.java:84)

