<?xml version="1.0" encoding="UTF-8"?>
<testsuite xmlns:xsi="http://www.w3.org/2001/XMLSchema-instance" xsi:noNamespaceSchemaLocation="https://maven.apache.org/surefire/maven-surefire-plugin/xsd/surefire-test-report-3.0.xsd" version="3.0" name="com.bronx.daoTest.HallRepositoryTest" time="3.922" tests="5" errors="4" skipped="0" failures="1">
  <properties>
[...]
</properties>
  <testcase name="findAll" classname="com.bronx.daoTest.HallRepositoryTest" time="0.545">
    <failure type="java.lang.AssertionError"><![CDATA[java.lang.AssertionError: 

Expected size: 3 but was: 12 in:
[Hall(id=1, name=first galaxy hall, description=This hale have 40 seats, amountOfSeats=40, Events=[EventFilm(id=1, date=2022-06-25T13:24, freeSeats=40)]),
    Hall(id=2, name=second galaxy hall, description=This hale have 35 seats, amountOfSeats=35, Events=[EventFilm(id=2, date=2022-06-25T13:24, freeSeats=35)]),
    Hall(id=3, name=first helios hall, description=This hale have 50 seats, amountOfSeats=50, Events=[EventFilm(id=3, date=2022-06-25T13:24, freeSeats=50)]),
    Hall(id=4, name=first galaxy hall, description=This hale have 40 seats, amountOfSeats=40, Events=[EventFilm(id=4, date=2022-06-25T13:24, freeSeats=40)]),
    Hall(id=5, name=second galaxy hall, description=This hale have 35 seats, amountOfSeats=35, Events=[EventFilm(id=5, date=2022-06-25T13:24, freeSeats=35)]),
    Hall(id=6, name=first helios hall, description=This hale have 50 seats, amountOfSeats=50, Events=[EventFilm(id=6, date=2022-06-25T13:24, freeSeats=50)]),
    Hall(id=7, name=first galaxy hall, description=This hale have 40 seats, amountOfSeats=40, Events=[EventFilm(id=8, date=2022-06-25T13:24, freeSeats=40)]),
    Hall(id=8, name=second galaxy hall, description=This hale have 35 seats, amountOfSeats=35, Events=[EventFilm(id=9, date=2022-06-25T13:24, freeSeats=35)]),
    Hall(id=9, name=first helios hall, description=This hale have 50 seats, amountOfSeats=50, Events=[EventFilm(id=10, date=2022-06-25T13:24, freeSeats=50)]),
    Hall(id=10, name=first galaxy hall, description=This hale have 40 seats, amountOfSeats=40, Events=[EventFilm(id=11, date=2022-06-25T13:24, freeSeats=40)]),
    Hall(id=11, name=second galaxy hall, description=This hale have 35 seats, amountOfSeats=35, Events=[EventFilm(id=12, date=2022-06-25T13:24, freeSeats=35)]),
    Hall(id=12, name=first helios hall, description=This hale have 50 seats, amountOfSeats=50, Events=[EventFilm(id=13, date=2022-06-25T13:24, freeSeats=50)])]
	at com.bronx.daoTest.HallRepositoryTest.findAll(HallRepositoryTest.java:48)
]]></failure>
    <system-out><![CDATA[Hibernate: 
    insert 
    into
        public.users
        (id, password, role, username) 
    values
        (default, ?, ?, ?)
Hibernate: 
    insert 
    into
        public.users
        (id, password, role, username) 
    values
        (default, ?, ?, ?)
Hibernate: 
    insert 
    into
        public.users
        (id, password, role, username) 
    values
        (default, ?, ?, ?)
Hibernate: 
    insert 
    into
        cinema
        (id, description, name) 
    values
        (default, ?, ?)
Hibernate: 
    insert 
    into
        cinema
        (id, description, name) 
    values
        (default, ?, ?)
Hibernate: 
    insert 
    into
        film
        (id, description, duration, name, ticket_cost) 
    values
        (default, ?, ?, ?, ?)
Hibernate: 
    insert 
    into
        film
        (id, description, duration, name, ticket_cost) 
    values
        (default, ?, ?, ?, ?)
Hibernate: 
    insert 
    into
        film
        (id, description, duration, name, ticket_cost) 
    values
        (default, ?, ?, ?, ?)
Hibernate: 
    insert 
    into
        hall
        (id, amount_of_seats, cinema_id, description, name) 
    values
        (default, ?, ?, ?, ?)
Hibernate: 
    insert 
    into
        hall
        (id, amount_of_seats, cinema_id, description, name) 
    values
        (default, ?, ?, ?, ?)
Hibernate: 
    insert 
    into
        hall
        (id, amount_of_seats, cinema_id, description, name) 
    values
        (default, ?, ?, ?, ?)
Hibernate: 
    insert 
    into
        event_film
        (id, date, film_id, free_seats, hall_id) 
    values
        (default, ?, ?, ?, ?)
Hibernate: 
    insert 
    into
        event_film
        (id, date, film_id, free_seats, hall_id) 
    values
        (default, ?, ?, ?, ?)
Hibernate: 
    insert 
    into
        event_film
        (id, date, film_id, free_seats, hall_id) 
    values
        (default, ?, ?, ?, ?)
Hibernate: 
    insert 
    into
        ticket
        (id, event_film_id, ticket_number, user_id) 
    values
        (default, ?, ?, ?)
Hibernate: 
    insert 
    into
        ticket
        (id, event_film_id, ticket_number, user_id) 
    values
        (default, ?, ?, ?)
Hibernate: 
    insert 
    into
        ticket
        (id, event_film_id, ticket_number, user_id) 
    values
        (default, ?, ?, ?)
Hibernate: 
    select
        hall0_.id as id1_4_,
        hall0_.amount_of_seats as amount_o2_4_,
        hall0_.cinema_id as cinema_i5_4_,
        hall0_.description as descript3_4_,
        hall0_.name as name4_4_ 
    from
        hall hall0_
Hibernate: 
    select
        cinema0_.id as id1_1_0_,
        cinema0_.description as descript2_1_0_,
        cinema0_.name as name3_1_0_ 
    from
        cinema cinema0_ 
    where
        cinema0_.id=?
Hibernate: 
    select
        cinema0_.id as id1_1_0_,
        cinema0_.description as descript2_1_0_,
        cinema0_.name as name3_1_0_ 
    from
        cinema cinema0_ 
    where
        cinema0_.id=?
Hibernate: 
    select
        cinema0_.id as id1_1_0_,
        cinema0_.description as descript2_1_0_,
        cinema0_.name as name3_1_0_ 
    from
        cinema cinema0_ 
    where
        cinema0_.id=?
Hibernate: 
    select
        cinema0_.id as id1_1_0_,
        cinema0_.description as descript2_1_0_,
        cinema0_.name as name3_1_0_ 
    from
        cinema cinema0_ 
    where
        cinema0_.id=?
Hibernate: 
    select
        cinema0_.id as id1_1_0_,
        cinema0_.description as descript2_1_0_,
        cinema0_.name as name3_1_0_ 
    from
        cinema cinema0_ 
    where
        cinema0_.id=?
Hibernate: 
    select
        cinema0_.id as id1_1_0_,
        cinema0_.description as descript2_1_0_,
        cinema0_.name as name3_1_0_ 
    from
        cinema cinema0_ 
    where
        cinema0_.id=?
Hibernate: 
    select
        cinema0_.id as id1_1_0_,
        cinema0_.description as descript2_1_0_,
        cinema0_.name as name3_1_0_ 
    from
        cinema cinema0_ 
    where
        cinema0_.id=?
Hibernate: 
    select
        cinema0_.id as id1_1_0_,
        cinema0_.description as descript2_1_0_,
        cinema0_.name as name3_1_0_ 
    from
        cinema cinema0_ 
    where
        cinema0_.id=?
Hibernate: 
    select
        events0_.hall_id as hall_id5_2_0_,
        events0_.id as id1_2_0_,
        events0_.id as id1_2_1_,
        events0_.date as date2_2_1_,
        events0_.film_id as film_id4_2_1_,
        events0_.free_seats as free_sea3_2_1_,
        events0_.hall_id as hall_id5_2_1_,
        film1_.id as id1_3_2_,
        film1_.description as descript2_3_2_,
        film1_.duration as duration3_3_2_,
        film1_.name as name4_3_2_,
        film1_.ticket_cost as ticket_c5_3_2_ 
    from
        event_film events0_ 
    left outer join
        film film1_ 
            on events0_.film_id=film1_.id 
    where
        events0_.hall_id=?
Hibernate: 
    select
        events0_.hall_id as hall_id5_2_0_,
        events0_.id as id1_2_0_,
        events0_.id as id1_2_1_,
        events0_.date as date2_2_1_,
        events0_.film_id as film_id4_2_1_,
        events0_.free_seats as free_sea3_2_1_,
        events0_.hall_id as hall_id5_2_1_,
        film1_.id as id1_3_2_,
        film1_.description as descript2_3_2_,
        film1_.duration as duration3_3_2_,
        film1_.name as name4_3_2_,
        film1_.ticket_cost as ticket_c5_3_2_ 
    from
        event_film events0_ 
    left outer join
        film film1_ 
            on events0_.film_id=film1_.id 
    where
        events0_.hall_id=?
Hibernate: 
    select
        events0_.hall_id as hall_id5_2_0_,
        events0_.id as id1_2_0_,
        events0_.id as id1_2_1_,
        events0_.date as date2_2_1_,
        events0_.film_id as film_id4_2_1_,
        events0_.free_seats as free_sea3_2_1_,
        events0_.hall_id as hall_id5_2_1_,
        film1_.id as id1_3_2_,
        film1_.description as descript2_3_2_,
        film1_.duration as duration3_3_2_,
        film1_.name as name4_3_2_,
        film1_.ticket_cost as ticket_c5_3_2_ 
    from
        event_film events0_ 
    left outer join
        film film1_ 
            on events0_.film_id=film1_.id 
    where
        events0_.hall_id=?
Hibernate: 
    select
        events0_.hall_id as hall_id5_2_0_,
        events0_.id as id1_2_0_,
        events0_.id as id1_2_1_,
        events0_.date as date2_2_1_,
        events0_.film_id as film_id4_2_1_,
        events0_.free_seats as free_sea3_2_1_,
        events0_.hall_id as hall_id5_2_1_,
        film1_.id as id1_3_2_,
        film1_.description as descript2_3_2_,
        film1_.duration as duration3_3_2_,
        film1_.name as name4_3_2_,
        film1_.ticket_cost as ticket_c5_3_2_ 
    from
        event_film events0_ 
    left outer join
        film film1_ 
            on events0_.film_id=film1_.id 
    where
        events0_.hall_id=?
Hibernate: 
    select
        events0_.hall_id as hall_id5_2_0_,
        events0_.id as id1_2_0_,
        events0_.id as id1_2_1_,
        events0_.date as date2_2_1_,
        events0_.film_id as film_id4_2_1_,
        events0_.free_seats as free_sea3_2_1_,
        events0_.hall_id as hall_id5_2_1_,
        film1_.id as id1_3_2_,
        film1_.description as descript2_3_2_,
        film1_.duration as duration3_3_2_,
        film1_.name as name4_3_2_,
        film1_.ticket_cost as ticket_c5_3_2_ 
    from
        event_film events0_ 
    left outer join
        film film1_ 
            on events0_.film_id=film1_.id 
    where
        events0_.hall_id=?
Hibernate: 
    select
        events0_.hall_id as hall_id5_2_0_,
        events0_.id as id1_2_0_,
        events0_.id as id1_2_1_,
        events0_.date as date2_2_1_,
        events0_.film_id as film_id4_2_1_,
        events0_.free_seats as free_sea3_2_1_,
        events0_.hall_id as hall_id5_2_1_,
        film1_.id as id1_3_2_,
        film1_.description as descript2_3_2_,
        film1_.duration as duration3_3_2_,
        film1_.name as name4_3_2_,
        film1_.ticket_cost as ticket_c5_3_2_ 
    from
        event_film events0_ 
    left outer join
        film film1_ 
            on events0_.film_id=film1_.id 
    where
        events0_.hall_id=?
Hibernate: 
    select
        events0_.hall_id as hall_id5_2_0_,
        events0_.id as id1_2_0_,
        events0_.id as id1_2_1_,
        events0_.date as date2_2_1_,
        events0_.film_id as film_id4_2_1_,
        events0_.free_seats as free_sea3_2_1_,
        events0_.hall_id as hall_id5_2_1_,
        film1_.id as id1_3_2_,
        film1_.description as descript2_3_2_,
        film1_.duration as duration3_3_2_,
        film1_.name as name4_3_2_,
        film1_.ticket_cost as ticket_c5_3_2_ 
    from
        event_film events0_ 
    left outer join
        film film1_ 
            on events0_.film_id=film1_.id 
    where
        events0_.hall_id=?
Hibernate: 
    select
        events0_.hall_id as hall_id5_2_0_,
        events0_.id as id1_2_0_,
        events0_.id as id1_2_1_,
        events0_.date as date2_2_1_,
        events0_.film_id as film_id4_2_1_,
        events0_.free_seats as free_sea3_2_1_,
        events0_.hall_id as hall_id5_2_1_,
        film1_.id as id1_3_2_,
        film1_.description as descript2_3_2_,
        film1_.duration as duration3_3_2_,
        film1_.name as name4_3_2_,
        film1_.ticket_cost as ticket_c5_3_2_ 
    from
        event_film events0_ 
    left outer join
        film film1_ 
            on events0_.film_id=film1_.id 
    where
        events0_.hall_id=?
Hibernate: 
    select
        events0_.hall_id as hall_id5_2_0_,
        events0_.id as id1_2_0_,
        events0_.id as id1_2_1_,
        events0_.date as date2_2_1_,
        events0_.film_id as film_id4_2_1_,
        events0_.free_seats as free_sea3_2_1_,
        events0_.hall_id as hall_id5_2_1_,
        film1_.id as id1_3_2_,
        film1_.description as descript2_3_2_,
        film1_.duration as duration3_3_2_,
        film1_.name as name4_3_2_,
        film1_.ticket_cost as ticket_c5_3_2_ 
    from
        event_film events0_ 
    left outer join
        film film1_ 
            on events0_.film_id=film1_.id 
    where
        events0_.hall_id=?
Hibernate: 
    select
        events0_.hall_id as hall_id5_2_0_,
        events0_.id as id1_2_0_,
        events0_.id as id1_2_1_,
        events0_.date as date2_2_1_,
        events0_.film_id as film_id4_2_1_,
        events0_.free_seats as free_sea3_2_1_,
        events0_.hall_id as hall_id5_2_1_,
        film1_.id as id1_3_2_,
        film1_.description as descript2_3_2_,
        film1_.duration as duration3_3_2_,
        film1_.name as name4_3_2_,
        film1_.ticket_cost as ticket_c5_3_2_ 
    from
        event_film events0_ 
    left outer join
        film film1_ 
            on events0_.film_id=film1_.id 
    where
        events0_.hall_id=?
Hibernate: 
    select
        events0_.hall_id as hall_id5_2_0_,
        events0_.id as id1_2_0_,
        events0_.id as id1_2_1_,
        events0_.date as date2_2_1_,
        events0_.film_id as film_id4_2_1_,
        events0_.free_seats as free_sea3_2_1_,
        events0_.hall_id as hall_id5_2_1_,
        film1_.id as id1_3_2_,
        film1_.description as descript2_3_2_,
        film1_.duration as duration3_3_2_,
        film1_.name as name4_3_2_,
        film1_.ticket_cost as ticket_c5_3_2_ 
    from
        event_film events0_ 
    left outer join
        film film1_ 
            on events0_.film_id=film1_.id 
    where
        events0_.hall_id=?
Hibernate: 
    select
        events0_.hall_id as hall_id5_2_0_,
        events0_.id as id1_2_0_,
        events0_.id as id1_2_1_,
        events0_.date as date2_2_1_,
        events0_.film_id as film_id4_2_1_,
        events0_.free_seats as free_sea3_2_1_,
        events0_.hall_id as hall_id5_2_1_,
        film1_.id as id1_3_2_,
        film1_.description as descript2_3_2_,
        film1_.duration as duration3_3_2_,
        film1_.name as name4_3_2_,
        film1_.ticket_cost as ticket_c5_3_2_ 
    from
        event_film events0_ 
    left outer join
        film film1_ 
            on events0_.film_id=film1_.id 
    where
        events0_.hall_id=?
]]></system-out>
    <system-err><![CDATA[мая 14, 2022 11:44:30 AM org.hibernate.engine.jdbc.connections.internal.DriverManagerConnectionProviderImpl configure
WARN: HHH10001002: Using Hibernate built-in connection pool (not for production use!)
мая 14, 2022 11:44:30 AM org.hibernate.engine.jdbc.connections.internal.DriverManagerConnectionProviderImpl buildCreator
INFO: HHH10001005: using driver [org.h2.Driver] at URL [jdbc:h2:mem:bronx_test_db]
мая 14, 2022 11:44:30 AM org.hibernate.engine.jdbc.connections.internal.DriverManagerConnectionProviderImpl buildCreator
INFO: HHH10001001: Connection properties: {password=****, user=}
мая 14, 2022 11:44:30 AM org.hibernate.engine.jdbc.connections.internal.DriverManagerConnectionProviderImpl buildCreator
INFO: HHH10001003: Autocommit mode: false
мая 14, 2022 11:44:30 AM org.hibernate.engine.jdbc.connections.internal.DriverManagerConnectionProviderImpl$PooledConnections <init>
INFO: HHH000115: Hibernate connection pool size: 20 (min=1)
мая 14, 2022 11:44:30 AM org.hibernate.dialect.Dialect <init>
INFO: HHH000400: Using dialect: org.hibernate.dialect.H2Dialect
мая 14, 2022 11:44:30 AM org.hibernate.resource.transaction.backend.jdbc.internal.DdlTransactionIsolatorNonJtaImpl getIsolatedConnection
INFO: HHH10001501: Connection obtained from JdbcConnectionAccess [org.hibernate.engine.jdbc.env.internal.JdbcEnvironmentInitiator$ConnectionProviderJdbcConnectionAccess@5ee3ca50] for (non-JTA) DDL execution was not in auto-commit mode; the Connection 'local transaction' will be committed and the Connection will be set into auto-commit mode.
мая 14, 2022 11:44:31 AM org.hibernate.engine.jdbc.connections.internal.DriverManagerConnectionProviderImpl configure
WARN: HHH10001002: Using Hibernate built-in connection pool (not for production use!)
мая 14, 2022 11:44:31 AM org.hibernate.engine.jdbc.connections.internal.DriverManagerConnectionProviderImpl buildCreator
INFO: HHH10001005: using driver [org.h2.Driver] at URL [jdbc:h2:mem:bronx_test_db]
мая 14, 2022 11:44:31 AM org.hibernate.engine.jdbc.connections.internal.DriverManagerConnectionProviderImpl buildCreator
INFO: HHH10001001: Connection properties: {password=****, user=}
мая 14, 2022 11:44:31 AM org.hibernate.engine.jdbc.connections.internal.DriverManagerConnectionProviderImpl buildCreator
INFO: HHH10001003: Autocommit mode: false
мая 14, 2022 11:44:31 AM org.hibernate.engine.jdbc.connections.internal.DriverManagerConnectionProviderImpl$PooledConnections <init>
INFO: HHH000115: Hibernate connection pool size: 20 (min=1)
мая 14, 2022 11:44:31 AM org.hibernate.dialect.Dialect <init>
INFO: HHH000400: Using dialect: org.hibernate.dialect.H2Dialect
мая 14, 2022 11:44:32 AM org.hibernate.resource.transaction.backend.jdbc.internal.DdlTransactionIsolatorNonJtaImpl getIsolatedConnection
INFO: HHH10001501: Connection obtained from JdbcConnectionAccess [org.hibernate.engine.jdbc.env.internal.JdbcEnvironmentInitiator$ConnectionProviderJdbcConnectionAccess@2165fcfa] for (non-JTA) DDL execution was not in auto-commit mode; the Connection 'local transaction' will be committed and the Connection will be set into auto-commit mode.
]]></system-err>
  </testcase>
  <testcase name="checkUpdateHallName" classname="com.bronx.daoTest.HallRepositoryTest" time="0.004">
    <error type="java.lang.reflect.UndeclaredThrowableException"><![CDATA[java.lang.reflect.UndeclaredThrowableException
	at com.bronx.daoTest.HallRepositoryTest.checkUpdateHallName(HallRepositoryTest.java:92)
Caused by: java.lang.reflect.InvocationTargetException
	at com.bronx.daoTest.HallRepositoryTest.checkUpdateHallName(HallRepositoryTest.java:92)
Caused by: java.lang.IllegalStateException: Transaction already active
	at com.bronx.daoTest.HallRepositoryTest.checkUpdateHallName(HallRepositoryTest.java:92)
]]></error>
  </testcase>
  <testcase name="findHallById" classname="com.bronx.daoTest.HallRepositoryTest" time="0.004">
    <error type="java.lang.reflect.UndeclaredThrowableException"><![CDATA[java.lang.reflect.UndeclaredThrowableException
	at com.bronx.daoTest.HallRepositoryTest.findHallById(HallRepositoryTest.java:59)
Caused by: java.lang.reflect.InvocationTargetException
	at com.bronx.daoTest.HallRepositoryTest.findHallById(HallRepositoryTest.java:59)
Caused by: java.lang.IllegalStateException: Transaction already active
	at com.bronx.daoTest.HallRepositoryTest.findHallById(HallRepositoryTest.java:59)
]]></error>
  </testcase>
  <testcase name="saveHallAndReturnWithId" classname="com.bronx.daoTest.HallRepositoryTest" time="0.007">
    <error type="java.lang.reflect.UndeclaredThrowableException"><![CDATA[java.lang.reflect.UndeclaredThrowableException
	at com.bronx.daoTest.HallRepositoryTest.saveHallAndReturnWithId(HallRepositoryTest.java:70)
Caused by: java.lang.reflect.InvocationTargetException
	at com.bronx.daoTest.HallRepositoryTest.saveHallAndReturnWithId(HallRepositoryTest.java:70)
Caused by: java.lang.IllegalStateException: Transaction already active
	at com.bronx.daoTest.HallRepositoryTest.saveHallAndReturnWithId(HallRepositoryTest.java:70)
]]></error>
  </testcase>
  <testcase name="deleteHall" classname="com.bronx.daoTest.HallRepositoryTest" time="0.005">
    <error type="java.lang.reflect.UndeclaredThrowableException"><![CDATA[java.lang.reflect.UndeclaredThrowableException
	at com.bronx.daoTest.HallRepositoryTest.deleteHall(HallRepositoryTest.java:82)
Caused by: java.lang.reflect.InvocationTargetException
	at com.bronx.daoTest.HallRepositoryTest.deleteHall(HallRepositoryTest.java:82)
Caused by: java.lang.IllegalStateException: Transaction already active
	at com.bronx.daoTest.HallRepositoryTest.deleteHall(HallRepositoryTest.java:82)
]]></error>
  </testcase>
</testsuite>