<?xml version="1.0" encoding="UTF-8"?>
<testsuite xmlns:xsi="http://www.w3.org/2001/XMLSchema-instance" xsi:noNamespaceSchemaLocation="https://maven.apache.org/surefire/maven-surefire-plugin/xsd/surefire-test-report-3.0.xsd" version="3.0" name="com.bronx.entityTest.UserTest" time="1.421" tests="4" errors="0" skipped="0" failures="0">
  <properties>
[...]
</properties>
  <testcase name="updateUserUsername" classname="com.bronx.entityTest.UserTest" time="0.047">
    <system-out><![CDATA[Hibernate: 
    insert 
    into
        public.users
        (id, password, role, username) 
    values
        (default, ?, ?, ?)
Hibernate: 
    select
        user0_.id as id1_0_0_,
        user0_.password as password2_0_0_,
        user0_.role as role3_0_0_,
        user0_.username as username4_0_0_ 
    from
        public.users user0_ 
    where
        user0_.id=?
Hibernate: 
    update
        public.users 
    set
        password=?,
        role=?,
        username=? 
    where
        id=?
Hibernate: 
    select
        user0_.id as id1_0_0_,
        user0_.password as password2_0_0_,
        user0_.role as role3_0_0_,
        user0_.username as username4_0_0_ 
    from
        public.users user0_ 
    where
        user0_.id=?
]]></system-out>
    <system-err><![CDATA[мая 14, 2022 11:45:03 AM org.hibernate.engine.jdbc.connections.internal.DriverManagerConnectionProviderImpl configure
WARN: HHH10001002: Using Hibernate built-in connection pool (not for production use!)
мая 14, 2022 11:45:03 AM org.hibernate.engine.jdbc.connections.internal.DriverManagerConnectionProviderImpl buildCreator
INFO: HHH10001005: using driver [org.h2.Driver] at URL [jdbc:h2:mem:bronx_test_db]
мая 14, 2022 11:45:03 AM org.hibernate.engine.jdbc.connections.internal.DriverManagerConnectionProviderImpl buildCreator
INFO: HHH10001001: Connection properties: {password=****, user=}
мая 14, 2022 11:45:03 AM org.hibernate.engine.jdbc.connections.internal.DriverManagerConnectionProviderImpl buildCreator
INFO: HHH10001003: Autocommit mode: false
мая 14, 2022 11:45:03 AM org.hibernate.engine.jdbc.connections.internal.DriverManagerConnectionProviderImpl$PooledConnections <init>
INFO: HHH000115: Hibernate connection pool size: 20 (min=1)
мая 14, 2022 11:45:03 AM org.hibernate.dialect.Dialect <init>
INFO: HHH000400: Using dialect: org.hibernate.dialect.H2Dialect
мая 14, 2022 11:45:04 AM org.hibernate.resource.transaction.backend.jdbc.internal.DdlTransactionIsolatorNonJtaImpl getIsolatedConnection
INFO: HHH10001501: Connection obtained from JdbcConnectionAccess [org.hibernate.engine.jdbc.env.internal.JdbcEnvironmentInitiator$ConnectionProviderJdbcConnectionAccess@24d2587e] for (non-JTA) DDL execution was not in auto-commit mode; the Connection 'local transaction' will be committed and the Connection will be set into auto-commit mode.
]]></system-err>
  </testcase>
  <testcase name="checkReturnUser" classname="com.bronx.entityTest.UserTest" time="0.018">
    <system-out><![CDATA[Hibernate: 
    insert 
    into
        public.users
        (id, password, role, username) 
    values
        (default, ?, ?, ?)
Hibernate: 
    select
        user0_.id as id1_0_0_,
        user0_.password as password2_0_0_,
        user0_.role as role3_0_0_,
        user0_.username as username4_0_0_ 
    from
        public.users user0_ 
    where
        user0_.id=?
]]></system-out>
  </testcase>
  <testcase name="checkCreateUser" classname="com.bronx.entityTest.UserTest" time="0.019">
    <system-out><![CDATA[Hibernate: 
    insert 
    into
        public.users
        (id, password, role, username) 
    values
        (default, ?, ?, ?)
Hibernate: 
    select
        user0_.id as id1_0_0_,
        user0_.password as password2_0_0_,
        user0_.role as role3_0_0_,
        user0_.username as username4_0_0_ 
    from
        public.users user0_ 
    where
        user0_.id=?
]]></system-out>
  </testcase>
  <testcase name="checkDeleteUser" classname="com.bronx.entityTest.UserTest" time="0.467">
    <system-out><![CDATA[Hibernate: 
    insert 
    into
        public.users
        (id, password, role, username) 
    values
        (default, ?, ?, ?)
Hibernate: 
    select
        user0_.id as id1_0_0_,
        user0_.password as password2_0_0_,
        user0_.role as role3_0_0_,
        user0_.username as username4_0_0_ 
    from
        public.users user0_ 
    where
        user0_.id=?
Hibernate: 
    select
        tickets0_.user_id as user_id4_5_0_,
        tickets0_.id as id1_5_0_,
        tickets0_.id as id1_5_1_,
        tickets0_.event_film_id as event_fi3_5_1_,
        tickets0_.ticket_number as ticket_n2_5_1_,
        tickets0_.user_id as user_id4_5_1_ 
    from
        ticket tickets0_ 
    where
        tickets0_.user_id=?
Hibernate: 
    delete 
    from
        ticket 
    where
        id=?
Hibernate: 
    delete 
    from
        public.users 
    where
        id=?
Hibernate: 
    select
        user0_.id as id1_0_0_,
        user0_.password as password2_0_0_,
        user0_.role as role3_0_0_,
        user0_.username as username4_0_0_ 
    from
        public.users user0_ 
    where
        user0_.id=?
]]></system-out>
  </testcase>
</testsuite>