<?xml version="1.0" encoding="UTF-8"?>
<testsuite xmlns:xsi="http://www.w3.org/2001/XMLSchema-instance" xsi:noNamespaceSchemaLocation="https://maven.apache.org/surefire/maven-surefire-plugin/xsd/surefire-test-report-3.0.xsd" version="3.0" name="com.bronx.daoTest.FilmRepositoryTest" time="2.764" tests="5" errors="4" skipped="0" failures="1">
  <properties>
[...]
</properties>
  <testcase name="findAll" classname="com.bronx.daoTest.FilmRepositoryTest" time="0.197">
    <failure type="java.lang.AssertionError"><![CDATA[java.lang.AssertionError: 

Expected size: 3 but was: 9 in:
[Film(id=1, name=Morbius, description=Film about vampires, ticketCost=20.0, duration=134, films=[EventFilm(id=2, date=2022-06-25T13:24, freeSeats=35)]),
    Film(id=2, name=Viking, description=Film about vikings, ticketCost=15.0, duration=124, films=[EventFilm(id=3, date=2022-06-25T13:24, freeSeats=50)]),
    Film(id=3, name=Stranger, description=Film about stranger, ticketCost=25.0, duration=144, films=[EventFilm(id=1, date=2022-06-25T13:24, freeSeats=40)]),
    Film(id=4, name=Morbius, description=Film about vampires, ticketCost=20.0, duration=134, films=[EventFilm(id=5, date=2022-06-25T13:24, freeSeats=35)]),
    Film(id=5, name=Viking, description=Film about vikings, ticketCost=15.0, duration=124, films=[EventFilm(id=6, date=2022-06-25T13:24, freeSeats=50)]),
    Film(id=6, name=Stranger, description=Film about stranger, ticketCost=25.0, duration=144, films=[EventFilm(id=4, date=2022-06-25T13:24, freeSeats=40)]),
    Film(id=7, name=Morbius, description=Film about vampires, ticketCost=20.0, duration=134, films=[EventFilm(id=9, date=2022-06-25T13:24, freeSeats=35)]),
    Film(id=8, name=Viking, description=Film about vikings, ticketCost=15.0, duration=124, films=[EventFilm(id=10, date=2022-06-25T13:24, freeSeats=50)]),
    Film(id=9, name=Stranger, description=Film about stranger, ticketCost=25.0, duration=144, films=[EventFilm(id=8, date=2022-06-25T13:24, freeSeats=40)])]
	at com.bronx.daoTest.FilmRepositoryTest.findAll(FilmRepositoryTest.java:48)
]]></failure>
    <system-out><![CDATA[Hibernate: 
    insert 
    into
        public.users
        (id, password, role, username) 
    values
        (default, ?, ?, ?)
Hibernate: 
    insert 
    into
        public.users
        (id, password, role, username) 
    values
        (default, ?, ?, ?)
Hibernate: 
    insert 
    into
        public.users
        (id, password, role, username) 
    values
        (default, ?, ?, ?)
Hibernate: 
    insert 
    into
        cinema
        (id, description, name) 
    values
        (default, ?, ?)
Hibernate: 
    insert 
    into
        cinema
        (id, description, name) 
    values
        (default, ?, ?)
Hibernate: 
    insert 
    into
        film
        (id, description, duration, name, ticket_cost) 
    values
        (default, ?, ?, ?, ?)
Hibernate: 
    insert 
    into
        film
        (id, description, duration, name, ticket_cost) 
    values
        (default, ?, ?, ?, ?)
Hibernate: 
    insert 
    into
        film
        (id, description, duration, name, ticket_cost) 
    values
        (default, ?, ?, ?, ?)
Hibernate: 
    insert 
    into
        hall
        (id, amount_of_seats, cinema_id, description, name) 
    values
        (default, ?, ?, ?, ?)
Hibernate: 
    insert 
    into
        hall
        (id, amount_of_seats, cinema_id, description, name) 
    values
        (default, ?, ?, ?, ?)
Hibernate: 
    insert 
    into
        hall
        (id, amount_of_seats, cinema_id, description, name) 
    values
        (default, ?, ?, ?, ?)
Hibernate: 
    insert 
    into
        event_film
        (id, date, film_id, free_seats, hall_id) 
    values
        (default, ?, ?, ?, ?)
Hibernate: 
    insert 
    into
        event_film
        (id, date, film_id, free_seats, hall_id) 
    values
        (default, ?, ?, ?, ?)
Hibernate: 
    insert 
    into
        event_film
        (id, date, film_id, free_seats, hall_id) 
    values
        (default, ?, ?, ?, ?)
Hibernate: 
    insert 
    into
        ticket
        (id, event_film_id, ticket_number, user_id) 
    values
        (default, ?, ?, ?)
Hibernate: 
    insert 
    into
        ticket
        (id, event_film_id, ticket_number, user_id) 
    values
        (default, ?, ?, ?)
Hibernate: 
    insert 
    into
        ticket
        (id, event_film_id, ticket_number, user_id) 
    values
        (default, ?, ?, ?)
Hibernate: 
    select
        film0_.id as id1_3_,
        film0_.description as descript2_3_,
        film0_.duration as duration3_3_,
        film0_.name as name4_3_,
        film0_.ticket_cost as ticket_c5_3_ 
    from
        film film0_
Hibernate: 
    select
        films0_.film_id as film_id4_2_0_,
        films0_.id as id1_2_0_,
        films0_.id as id1_2_1_,
        films0_.date as date2_2_1_,
        films0_.film_id as film_id4_2_1_,
        films0_.free_seats as free_sea3_2_1_,
        films0_.hall_id as hall_id5_2_1_,
        hall1_.id as id1_4_2_,
        hall1_.amount_of_seats as amount_o2_4_2_,
        hall1_.cinema_id as cinema_i5_4_2_,
        hall1_.description as descript3_4_2_,
        hall1_.name as name4_4_2_,
        cinema2_.id as id1_1_3_,
        cinema2_.description as descript2_1_3_,
        cinema2_.name as name3_1_3_ 
    from
        event_film films0_ 
    left outer join
        hall hall1_ 
            on films0_.hall_id=hall1_.id 
    left outer join
        cinema cinema2_ 
            on hall1_.cinema_id=cinema2_.id 
    where
        films0_.film_id=?
Hibernate: 
    select
        films0_.film_id as film_id4_2_0_,
        films0_.id as id1_2_0_,
        films0_.id as id1_2_1_,
        films0_.date as date2_2_1_,
        films0_.film_id as film_id4_2_1_,
        films0_.free_seats as free_sea3_2_1_,
        films0_.hall_id as hall_id5_2_1_,
        hall1_.id as id1_4_2_,
        hall1_.amount_of_seats as amount_o2_4_2_,
        hall1_.cinema_id as cinema_i5_4_2_,
        hall1_.description as descript3_4_2_,
        hall1_.name as name4_4_2_,
        cinema2_.id as id1_1_3_,
        cinema2_.description as descript2_1_3_,
        cinema2_.name as name3_1_3_ 
    from
        event_film films0_ 
    left outer join
        hall hall1_ 
            on films0_.hall_id=hall1_.id 
    left outer join
        cinema cinema2_ 
            on hall1_.cinema_id=cinema2_.id 
    where
        films0_.film_id=?
Hibernate: 
    select
        films0_.film_id as film_id4_2_0_,
        films0_.id as id1_2_0_,
        films0_.id as id1_2_1_,
        films0_.date as date2_2_1_,
        films0_.film_id as film_id4_2_1_,
        films0_.free_seats as free_sea3_2_1_,
        films0_.hall_id as hall_id5_2_1_,
        hall1_.id as id1_4_2_,
        hall1_.amount_of_seats as amount_o2_4_2_,
        hall1_.cinema_id as cinema_i5_4_2_,
        hall1_.description as descript3_4_2_,
        hall1_.name as name4_4_2_,
        cinema2_.id as id1_1_3_,
        cinema2_.description as descript2_1_3_,
        cinema2_.name as name3_1_3_ 
    from
        event_film films0_ 
    left outer join
        hall hall1_ 
            on films0_.hall_id=hall1_.id 
    left outer join
        cinema cinema2_ 
            on hall1_.cinema_id=cinema2_.id 
    where
        films0_.film_id=?
Hibernate: 
    select
        films0_.film_id as film_id4_2_0_,
        films0_.id as id1_2_0_,
        films0_.id as id1_2_1_,
        films0_.date as date2_2_1_,
        films0_.film_id as film_id4_2_1_,
        films0_.free_seats as free_sea3_2_1_,
        films0_.hall_id as hall_id5_2_1_,
        hall1_.id as id1_4_2_,
        hall1_.amount_of_seats as amount_o2_4_2_,
        hall1_.cinema_id as cinema_i5_4_2_,
        hall1_.description as descript3_4_2_,
        hall1_.name as name4_4_2_,
        cinema2_.id as id1_1_3_,
        cinema2_.description as descript2_1_3_,
        cinema2_.name as name3_1_3_ 
    from
        event_film films0_ 
    left outer join
        hall hall1_ 
            on films0_.hall_id=hall1_.id 
    left outer join
        cinema cinema2_ 
            on hall1_.cinema_id=cinema2_.id 
    where
        films0_.film_id=?
Hibernate: 
    select
        films0_.film_id as film_id4_2_0_,
        films0_.id as id1_2_0_,
        films0_.id as id1_2_1_,
        films0_.date as date2_2_1_,
        films0_.film_id as film_id4_2_1_,
        films0_.free_seats as free_sea3_2_1_,
        films0_.hall_id as hall_id5_2_1_,
        hall1_.id as id1_4_2_,
        hall1_.amount_of_seats as amount_o2_4_2_,
        hall1_.cinema_id as cinema_i5_4_2_,
        hall1_.description as descript3_4_2_,
        hall1_.name as name4_4_2_,
        cinema2_.id as id1_1_3_,
        cinema2_.description as descript2_1_3_,
        cinema2_.name as name3_1_3_ 
    from
        event_film films0_ 
    left outer join
        hall hall1_ 
            on films0_.hall_id=hall1_.id 
    left outer join
        cinema cinema2_ 
            on hall1_.cinema_id=cinema2_.id 
    where
        films0_.film_id=?
Hibernate: 
    select
        films0_.film_id as film_id4_2_0_,
        films0_.id as id1_2_0_,
        films0_.id as id1_2_1_,
        films0_.date as date2_2_1_,
        films0_.film_id as film_id4_2_1_,
        films0_.free_seats as free_sea3_2_1_,
        films0_.hall_id as hall_id5_2_1_,
        hall1_.id as id1_4_2_,
        hall1_.amount_of_seats as amount_o2_4_2_,
        hall1_.cinema_id as cinema_i5_4_2_,
        hall1_.description as descript3_4_2_,
        hall1_.name as name4_4_2_,
        cinema2_.id as id1_1_3_,
        cinema2_.description as descript2_1_3_,
        cinema2_.name as name3_1_3_ 
    from
        event_film films0_ 
    left outer join
        hall hall1_ 
            on films0_.hall_id=hall1_.id 
    left outer join
        cinema cinema2_ 
            on hall1_.cinema_id=cinema2_.id 
    where
        films0_.film_id=?
Hibernate: 
    select
        films0_.film_id as film_id4_2_0_,
        films0_.id as id1_2_0_,
        films0_.id as id1_2_1_,
        films0_.date as date2_2_1_,
        films0_.film_id as film_id4_2_1_,
        films0_.free_seats as free_sea3_2_1_,
        films0_.hall_id as hall_id5_2_1_,
        hall1_.id as id1_4_2_,
        hall1_.amount_of_seats as amount_o2_4_2_,
        hall1_.cinema_id as cinema_i5_4_2_,
        hall1_.description as descript3_4_2_,
        hall1_.name as name4_4_2_,
        cinema2_.id as id1_1_3_,
        cinema2_.description as descript2_1_3_,
        cinema2_.name as name3_1_3_ 
    from
        event_film films0_ 
    left outer join
        hall hall1_ 
            on films0_.hall_id=hall1_.id 
    left outer join
        cinema cinema2_ 
            on hall1_.cinema_id=cinema2_.id 
    where
        films0_.film_id=?
Hibernate: 
    select
        films0_.film_id as film_id4_2_0_,
        films0_.id as id1_2_0_,
        films0_.id as id1_2_1_,
        films0_.date as date2_2_1_,
        films0_.film_id as film_id4_2_1_,
        films0_.free_seats as free_sea3_2_1_,
        films0_.hall_id as hall_id5_2_1_,
        hall1_.id as id1_4_2_,
        hall1_.amount_of_seats as amount_o2_4_2_,
        hall1_.cinema_id as cinema_i5_4_2_,
        hall1_.description as descript3_4_2_,
        hall1_.name as name4_4_2_,
        cinema2_.id as id1_1_3_,
        cinema2_.description as descript2_1_3_,
        cinema2_.name as name3_1_3_ 
    from
        event_film films0_ 
    left outer join
        hall hall1_ 
            on films0_.hall_id=hall1_.id 
    left outer join
        cinema cinema2_ 
            on hall1_.cinema_id=cinema2_.id 
    where
        films0_.film_id=?
Hibernate: 
    select
        films0_.film_id as film_id4_2_0_,
        films0_.id as id1_2_0_,
        films0_.id as id1_2_1_,
        films0_.date as date2_2_1_,
        films0_.film_id as film_id4_2_1_,
        films0_.free_seats as free_sea3_2_1_,
        films0_.hall_id as hall_id5_2_1_,
        hall1_.id as id1_4_2_,
        hall1_.amount_of_seats as amount_o2_4_2_,
        hall1_.cinema_id as cinema_i5_4_2_,
        hall1_.description as descript3_4_2_,
        hall1_.name as name4_4_2_,
        cinema2_.id as id1_1_3_,
        cinema2_.description as descript2_1_3_,
        cinema2_.name as name3_1_3_ 
    from
        event_film films0_ 
    left outer join
        hall hall1_ 
            on films0_.hall_id=hall1_.id 
    left outer join
        cinema cinema2_ 
            on hall1_.cinema_id=cinema2_.id 
    where
        films0_.film_id=?
]]></system-out>
    <system-err><![CDATA[мая 14, 2022 11:44:27 AM org.hibernate.engine.jdbc.connections.internal.DriverManagerConnectionProviderImpl configure
WARN: HHH10001002: Using Hibernate built-in connection pool (not for production use!)
мая 14, 2022 11:44:27 AM org.hibernate.engine.jdbc.connections.internal.DriverManagerConnectionProviderImpl buildCreator
INFO: HHH10001005: using driver [org.h2.Driver] at URL [jdbc:h2:mem:bronx_test_db]
мая 14, 2022 11:44:27 AM org.hibernate.engine.jdbc.connections.internal.DriverManagerConnectionProviderImpl buildCreator
INFO: HHH10001001: Connection properties: {password=****, user=}
мая 14, 2022 11:44:27 AM org.hibernate.engine.jdbc.connections.internal.DriverManagerConnectionProviderImpl buildCreator
INFO: HHH10001003: Autocommit mode: false
мая 14, 2022 11:44:27 AM org.hibernate.engine.jdbc.connections.internal.DriverManagerConnectionProviderImpl$PooledConnections <init>
INFO: HHH000115: Hibernate connection pool size: 20 (min=1)
мая 14, 2022 11:44:27 AM org.hibernate.dialect.Dialect <init>
INFO: HHH000400: Using dialect: org.hibernate.dialect.H2Dialect
мая 14, 2022 11:44:28 AM org.hibernate.resource.transaction.backend.jdbc.internal.DdlTransactionIsolatorNonJtaImpl getIsolatedConnection
INFO: HHH10001501: Connection obtained from JdbcConnectionAccess [org.hibernate.engine.jdbc.env.internal.JdbcEnvironmentInitiator$ConnectionProviderJdbcConnectionAccess@4dfb5cae] for (non-JTA) DDL execution was not in auto-commit mode; the Connection 'local transaction' will be committed and the Connection will be set into auto-commit mode.
мая 14, 2022 11:44:28 AM org.hibernate.engine.jdbc.connections.internal.DriverManagerConnectionProviderImpl configure
WARN: HHH10001002: Using Hibernate built-in connection pool (not for production use!)
мая 14, 2022 11:44:28 AM org.hibernate.engine.jdbc.connections.internal.DriverManagerConnectionProviderImpl buildCreator
INFO: HHH10001005: using driver [org.h2.Driver] at URL [jdbc:h2:mem:bronx_test_db]
мая 14, 2022 11:44:28 AM org.hibernate.engine.jdbc.connections.internal.DriverManagerConnectionProviderImpl buildCreator
INFO: HHH10001001: Connection properties: {password=****, user=}
мая 14, 2022 11:44:28 AM org.hibernate.engine.jdbc.connections.internal.DriverManagerConnectionProviderImpl buildCreator
INFO: HHH10001003: Autocommit mode: false
мая 14, 2022 11:44:28 AM org.hibernate.engine.jdbc.connections.internal.DriverManagerConnectionProviderImpl$PooledConnections <init>
INFO: HHH000115: Hibernate connection pool size: 20 (min=1)
мая 14, 2022 11:44:28 AM org.hibernate.dialect.Dialect <init>
INFO: HHH000400: Using dialect: org.hibernate.dialect.H2Dialect
мая 14, 2022 11:44:29 AM org.hibernate.resource.transaction.backend.jdbc.internal.DdlTransactionIsolatorNonJtaImpl getIsolatedConnection
INFO: HHH10001501: Connection obtained from JdbcConnectionAccess [org.hibernate.engine.jdbc.env.internal.JdbcEnvironmentInitiator$ConnectionProviderJdbcConnectionAccess@1ce0a7bc] for (non-JTA) DDL execution was not in auto-commit mode; the Connection 'local transaction' will be committed and the Connection will be set into auto-commit mode.
]]></system-err>
  </testcase>
  <testcase name="checkUpdateFilmName" classname="com.bronx.daoTest.FilmRepositoryTest" time="0">
    <error type="java.lang.reflect.UndeclaredThrowableException"><![CDATA[java.lang.reflect.UndeclaredThrowableException
	at com.bronx.daoTest.FilmRepositoryTest.checkUpdateFilmName(FilmRepositoryTest.java:92)
Caused by: java.lang.reflect.InvocationTargetException
	at com.bronx.daoTest.FilmRepositoryTest.checkUpdateFilmName(FilmRepositoryTest.java:92)
Caused by: java.lang.IllegalStateException: Transaction already active
	at com.bronx.daoTest.FilmRepositoryTest.checkUpdateFilmName(FilmRepositoryTest.java:92)
]]></error>
  </testcase>
  <testcase name="findFilmById" classname="com.bronx.daoTest.FilmRepositoryTest" time="0.013">
    <error type="java.lang.reflect.UndeclaredThrowableException"><![CDATA[java.lang.reflect.UndeclaredThrowableException
	at com.bronx.daoTest.FilmRepositoryTest.findFilmById(FilmRepositoryTest.java:59)
Caused by: java.lang.reflect.InvocationTargetException
	at com.bronx.daoTest.FilmRepositoryTest.findFilmById(FilmRepositoryTest.java:59)
Caused by: java.lang.IllegalStateException: Transaction already active
	at com.bronx.daoTest.FilmRepositoryTest.findFilmById(FilmRepositoryTest.java:59)
]]></error>
  </testcase>
  <testcase name="deleteFilm" classname="com.bronx.daoTest.FilmRepositoryTest" time="0.006">
    <error type="java.lang.reflect.UndeclaredThrowableException"><![CDATA[java.lang.reflect.UndeclaredThrowableException
	at com.bronx.daoTest.FilmRepositoryTest.deleteFilm(FilmRepositoryTest.java:82)
Caused by: java.lang.reflect.InvocationTargetException
	at com.bronx.daoTest.FilmRepositoryTest.deleteFilm(FilmRepositoryTest.java:82)
Caused by: java.lang.IllegalStateException: Transaction already active
	at com.bronx.daoTest.FilmRepositoryTest.deleteFilm(FilmRepositoryTest.java:82)
]]></error>
  </testcase>
  <testcase name="saveFilmAndReturnHimWithId" classname="com.bronx.daoTest.FilmRepositoryTest" time="0.004">
    <error type="java.lang.reflect.UndeclaredThrowableException"><![CDATA[java.lang.reflect.UndeclaredThrowableException
	at com.bronx.daoTest.FilmRepositoryTest.saveFilmAndReturnHimWithId(FilmRepositoryTest.java:70)
Caused by: java.lang.reflect.InvocationTargetException
	at com.bronx.daoTest.FilmRepositoryTest.saveFilmAndReturnHimWithId(FilmRepositoryTest.java:70)
Caused by: java.lang.IllegalStateException: Transaction already active
	at com.bronx.daoTest.FilmRepositoryTest.saveFilmAndReturnHimWithId(FilmRepositoryTest.java:70)
]]></error>
  </testcase>
</testsuite>